<?xml version="1.0" encoding="UTF-8"?>
<!-- Generated by org.testng.reporters.JUnitReportReporter -->
<testsuite skipped="0" hostname="BDC6-DX-69S6NK2" name="Example03" tests="1" failures="0" timestamp="2019-10-22T13:10:15 IST" time="44.880" errors="0">
  <testcase name="keyboardArrow" time="44.880" classname="Example03"/>
</testsuite> <!-- Example03 -->
