<?xml version="1.0" encoding="UTF-8"?>
<!-- Generated by org.testng.reporters.JUnitReportReporter -->
<testsuite skipped="0" hostname="BDC6-DX-69S6NK2" name="Example04" tests="1" failures="0" timestamp="2019-10-22T13:06:04 IST" time="0.655" errors="0">
  <testcase name="testDataDriven" time="0.655" classname="Example04"/>
</testsuite> <!-- Example04 -->
