<?xml version="1.0" encoding="UTF-8"?>
<!-- Generated by org.testng.reporters.JUnitReportReporter -->
<testsuite skipped="0" hostname="BDC6-DX-69S6NK2" name="Example02" tests="1" failures="0" timestamp="2019-10-21T14:24:54 IST" time="46.050" errors="0">
  <testcase name="testDragAndDrop" time="46.050" classname="Example02"/>
</testsuite> <!-- Example02 -->
