<?xml version="1.0" encoding="UTF-8"?>
<!-- Generated by org.testng.reporters.JUnitReportReporter -->
<testsuite skipped="0" hostname="BDC6-DX-69S6NK2" name="Example01" tests="1" failures="0" timestamp="2019-10-21T12:01:45 IST" time="16.165" errors="0">
  <testcase name="testCreditCard" time="16.165" classname="Example01"/>
</testsuite> <!-- Example01 -->
