<?xml version="1.0" encoding="UTF-8"?>
<!-- Generated by org.testng.reporters.JUnitReportReporter -->
<testsuite skipped="0" hostname="BDC6-DX-69S6NK2" name="seleniumplus.ClassPackage.FirstPageInfo" tests="2" failures="0" timestamp="2019-10-23T11:17:27 IST" time="6.252" errors="0">
  <testcase name="testLoginInfo" time="3.449" classname="seleniumplus.ClassPackage.FirstPageInfo"/>
  <testcase name="testLoginLink" time="2.803" classname="seleniumplus.ClassPackage.FirstPageInfo"/>
</testsuite> <!-- seleniumplus.ClassPackage.FirstPageInfo -->
