<?xml version="1.0" encoding="UTF-8"?>
<!-- Generated by org.testng.reporters.JUnitReportReporter -->
<testsuite skipped="0" hostname="BDC6-DX-69S6NK2" name="NewTest" tests="2" failures="0" timestamp="2019-10-22T10:22:43 IST" time="0.010" errors="0">
  <testcase name="f1" time="0.003" classname="NewTest"/>
  <testcase name="f" time="0.007" classname="NewTest"/>
</testsuite> <!-- NewTest -->
